<?xml version="1.0" encoding="UTF-8"?>
<!-- Generated by org.testng.reporters.JUnitXMLReporter -->
<testsuite ignored="2" hostname="DESKTOP-E42SMQE" failures="0" tests="1" name="Default test" time="14.352" errors="0" timestamp="2022-03-02T09:18:09 IST">
  <testcase classname="TestCases.LoginPageTest" name="verifyLoginWithInvalidCredentials" time="4.134"/>
  <testcase classname="TestCases.LoginPageTest" name="verifyLoginWithVlidCredentialsTest" time="0.0">
    <ignored/>
  </testcase> <!-- verifyLoginWithVlidCredentialsTest -->
  <testcase classname="TestCases.LoginPageTest" name="verifyLoginPageTitleTest" time="0.0">
    <ignored/>
  </testcase> <!-- verifyLoginPageTitleTest -->
</testsuite> <!-- Default test -->
