<?xml version="1.0" encoding="UTF-8"?>
<!-- Generated by org.testng.reporters.JUnitXMLReporter -->
<testsuite ignored="0" hostname="DESKTOP-E42SMQE" failures="0" tests="4" name="Default test" time="44.317" errors="0" timestamp="2022-02-24T09:16:51 IST">
  <testcase classname="TestCases.HomePageTest" name="VerifyHomepageTitleTest" time="0.026"/>
  <testcase classname="TestCases.HomePageTest" name="VerifySearchBoxTest" time="0.17"/>
  <testcase classname="TestCases.HomePageTest" name="VerifySearchButtonTest" time="0.08"/>
  <testcase classname="TestCases.HomePageTest" name="VerifyTonavigationBarTest" time="0.199"/>
</testsuite> <!-- Default test -->
