<?xml version="1.0" encoding="UTF-8"?>
<!-- Generated by org.testng.reporters.JUnitXMLReporter -->
<testsuite ignored="0" hostname="DESKTOP-E42SMQE" failures="0" tests="4" name="HomePageTest" time="89.27" errors="0" timestamp="2022-03-02T09:13:12 IST">
  <testcase classname="TestCases.HomePageTest" name="VerifyHomepageTitleTest" time="0.095"/>
  <testcase classname="TestCases.HomePageTest" name="VerifySearchBoxTest" time="0.43"/>
  <testcase classname="TestCases.HomePageTest" name="VerifySearchButtonTest" time="0.196"/>
  <testcase classname="TestCases.HomePageTest" name="VerifyTonavigationBarTest" time="0.2"/>
</testsuite> <!-- HomePageTest -->
