<?xml version="1.0" encoding="UTF-8"?>
<!-- Generated by org.testng.reporters.JUnitXMLReporter -->
<testsuite ignored="0" hostname="DESKTOP-E42SMQE" failures="0" tests="3" name="LoginTest" time="85.877" errors="0" timestamp="2022-03-02T09:13:08 IST">
  <testcase classname="TestCases.LoginPageTest" name="verifyLoginPageTitleTest" time="5.644"/>
  <testcase classname="TestCases.LoginPageTest" name="verifyLoginWithInvalidCredentials" time="4.772"/>
  <testcase classname="TestCases.LoginPageTest" name="verifyLoginWithVlidCredentialsTest" time="6.727"/>
</testsuite> <!-- LoginTest -->
