<?xml version="1.0" encoding="UTF-8"?>
<!-- Generated by org.testng.reporters.JUnitXMLReporter -->
<testsuite ignored="0" hostname="DESKTOP-E42SMQE" failures="0" tests="5" name="MyAccountPageTest" time="128.34" errors="0" timestamp="2022-03-02T09:13:51 IST">
  <testcase classname="TestCases.MyAccountPageTest" name="VerifyMyAffiliateAccountHeaderTest" time="10.621"/>
  <testcase classname="TestCases.MyAccountPageTest" name="VerifyMyOrdersHeaderTest" time="8.036"/>
  <testcase classname="TestCases.MyAccountPageTest" name="VerifyNewsLetterHeaderTest" time="4.556"/>
  <testcase classname="TestCases.MyAccountPageTest" name="verifyMyAccountHeaderTest" time="4.915"/>
  <testcase classname="TestCases.MyAccountPageTest" name="verifyMyAccountpageTitleTest" time="5.457"/>
</testsuite> <!-- MyAccountPageTest -->
